<?xml version="1.0" encoding="UTF-8"?>
<!-- Generated by org.testng.reporters.JUnitReportReporter -->
<testsuite skipped="0" hostname="DESKTOP-JQQ65CE" name="testclass.TestClass1" tests="3" failures="0" timestamp="2021-06-19T22:24:25 IST" time="7.590" errors="0">
  <testcase name="ToVerifyReportBtn" time="4.159" classname="testclass.TestClass1"/>
  <system-out/>
  <testcase name="ToVerifyWorkSchdlBtn" time="1.566" classname="testclass.TestClass1"/>
  <system-out/>
  <testcase name="ToVerifyTaskBtn" time="1.865" classname="testclass.TestClass1"/>
  <system-out/>
</testsuite> <!-- testclass.TestClass1 -->
