<?xml version="1.0" encoding="UTF-8"?>
<!-- Generated by org.testng.reporters.JUnitReportReporter -->
<testsuite skipped="0" hostname="DESKTOP-JQQ65CE" name="testclass.test" tests="4" failures="0" timestamp="2021-06-19T22:19:34 IST" time="0.782" errors="0">
  <testcase name="test6" time="0.777" classname="testclass.test"/>
  <system-out/>
  <testcase name="test3" time="0.002" classname="testclass.test"/>
  <system-out/>
  <testcase name="test2" time="0.002" classname="testclass.test"/>
  <system-out/>
  <testcase name="test1" time="0.001" classname="testclass.test"/>
  <system-out/>
</testsuite> <!-- testclass.test -->
